<?xml version="1.0" encoding="UTF-8"?>
<!-- Generated by org.testng.reporters.JUnitXMLReporter -->
<testsuite ignored="0" hostname="LAPTOP-A363SLA7" failures="0" tests="5" name="Default test" time="70.023" errors="0" timestamp="2024-05-30T02:12:28 IDT">
  <testcase classname="hw1tests.test4" name="tc01_Clickdeals" time="14.503"/>
  <testcase classname="hw1tests.test4" name="tc02_Exploreplacedealsfrom" time="13.395"/>
  <testcase classname="hw1tests.test4" name="tc03_Exploreplacedealsdates" time="10.422"/>
  <testcase classname="hw1tests.test4" name="tc04_Exploreplacedealsdirection" time="22.71"/>
  <testcase classname="hw1tests.test4" name="tc05_Explorethedealfromlist" time="3.282"/>
</testsuite> <!-- Default test -->
