<?xml version="1.0" encoding="UTF-8"?>
<!-- Generated by org.testng.reporters.JUnitXMLReporter -->
<testsuite ignored="0" hostname="LAPTOP-A363SLA7" failures="0" tests="16" name="Test" time="299.658" errors="0" timestamp="2024-06-03T23:43:03 IDT">
  <testcase classname="hw1tests.test1" name="tc01_login" time="12.598"/>
  <testcase classname="hw1tests.test1" name="tc02_logoutandnopassward" time="4.854"/>
  <testcase classname="hw1tests.test1" name="tc03_Forgetinsertpassward" time="13.105"/>
  <testcase classname="hw1tests.test2" name="tc01_Checkflightfrom" time="19.673"/>
  <testcase classname="hw1tests.test2" name="tc02_Checkflightto" time="6.459"/>
  <testcase classname="hw1tests.test2" name="tc03_Checkflighttimefrom" time="14.085"/>
  <testcase classname="hw1tests.test2" name="tc04_CheckEconomy" time="11.769"/>
  <testcase classname="hw1tests.test2" name="tc05_Choosepassandcabinbags" time="35.628"/>
  <testcase classname="hw1tests.test3" name="tc01_Checkflightoneway" time="33.481"/>
  <testcase classname="hw1tests.test3" name="tc02_CheckEconomy" time="11.685"/>
  <testcase classname="hw1tests.test3" name="tc03_Choosepassandcabinbags" time="34.711"/>
  <testcase classname="hw1tests.test4" name="tc01_Clickdeals" time="24.015"/>
  <testcase classname="hw1tests.test4" name="tc02_Exploreplacedealsfrom" time="13.455"/>
  <testcase classname="hw1tests.test4" name="tc03_Exploreplacedealsdates" time="10.45"/>
  <testcase classname="hw1tests.test4" name="tc04_Exploreplacedealsdirection" time="22.82"/>
  <testcase classname="hw1tests.test4" name="tc05_Explorethedealfromlist" time="3.39"/>
</testsuite> <!-- Test -->
